    正在创建库 D:\VSProject\PRED\Release\PRED.lib 和对象 D:\VSProject\PRED\Release\PRED.exp
predictor.obj : error LNK2001: 无法解析的外部符号 "__declspec(dllimport) public: class std::vector<int,class std::allocator<int> > __thiscall paddle_infer::Tensor::shape(void)const " (__imp_?shape@Tensor@paddle_infer@@QBE?AV?$vector@HV?$allocator@H@std@@@std@@XZ)
predictor.obj : error LNK2001: 无法解析的外部符号 "public: void __thiscall paddle_infer::Tensor::CopyToCpu<float>(float *)" (??$CopyToCpu@M@Tensor@paddle_infer@@QAEXPAM@Z)
predictor.obj : error LNK2001: 无法解析的外部符号 "public: void __thiscall paddle_infer::Tensor::CopyFromCpu<float>(float const *)" (??$CopyFromCpu@M@Tensor@paddle_infer@@QAEXPBM@Z)
predictor.obj : error LNK2001: 无法解析的外部符号 "__declspec(dllimport) public: void __thiscall paddle_infer::Tensor::Reshape(class std::vector<int,class std::allocator<int> > const &)" (__imp_?Reshape@Tensor@paddle_infer@@QAEXABV?$vector@HV?$allocator@H@std@@@std@@@Z)
predictor.obj : error LNK2001: 无法解析的外部符号 "__declspec(dllimport) public: class std::unique_ptr<class paddle_infer::Tensor,struct std::default_delete<class paddle_infer::Tensor> > __thiscall paddle_infer::Predictor::GetOutputHandle(class std::basic_string<char,struct std::char_traits<char>,class std::allocator<char> > const &)" (__imp_?GetOutputHandle@Predictor@paddle_infer@@QAE?AV?$unique_ptr@VTensor@paddle_infer@@U?$default_delete@VTensor@paddle_infer@@@std@@@std@@ABV?$basic_string@DU?$char_traits@D@std@@V?$allocator@D@2@@4@@Z)
predictor.obj : error LNK2001: 无法解析的外部符号 "__declspec(dllimport) public: class std::vector<class std::basic_string<char,struct std::char_traits<char>,class std::allocator<char> >,class std::allocator<class std::basic_string<char,struct std::char_traits<char>,class std::allocator<char> > > > __thiscall paddle_infer::Predictor::GetOutputNames(void)" (__imp_?GetOutputNames@Predictor@paddle_infer@@QAE?AV?$vector@V?$basic_string@DU?$char_traits@D@std@@V?$allocator@D@2@@std@@V?$allocator@V?$basic_string@DU?$char_traits@D@std@@V?$allocator@D@2@@std@@@2@@std@@XZ)
predictor.obj : error LNK2001: 无法解析的外部符号 "__declspec(dllimport) public: bool __thiscall paddle_infer::Predictor::Run(void)" (__imp_?Run@Predictor@paddle_infer@@QAE_NXZ)
predictor.obj : error LNK2001: 无法解析的外部符号 "__declspec(dllimport) public: class std::unique_ptr<class paddle_infer::Tensor,struct std::default_delete<class paddle_infer::Tensor> > __thiscall paddle_infer::Predictor::GetInputHandle(class std::basic_string<char,struct std::char_traits<char>,class std::allocator<char> > const &)" (__imp_?GetInputHandle@Predictor@paddle_infer@@QAE?AV?$unique_ptr@VTensor@paddle_infer@@U?$default_delete@VTensor@paddle_infer@@@std@@@std@@ABV?$basic_string@DU?$char_traits@D@std@@V?$allocator@D@2@@4@@Z)
predictor.obj : error LNK2001: 无法解析的外部符号 "__declspec(dllimport) public: class std::vector<class std::basic_string<char,struct std::char_traits<char>,class std::allocator<char> >,class std::allocator<class std::basic_string<char,struct std::char_traits<char>,class std::allocator<char> > > > __thiscall paddle_infer::Predictor::GetInputNames(void)" (__imp_?GetInputNames@Predictor@paddle_infer@@QAE?AV?$vector@V?$basic_string@DU?$char_traits@D@std@@V?$allocator@D@2@@std@@V?$allocator@V?$basic_string@DU?$char_traits@D@std@@V?$allocator@D@2@@std@@@2@@std@@XZ)
predictor.obj : error LNK2001: 无法解析的外部符号 "__declspec(dllimport) class std::shared_ptr<class paddle_infer::Predictor> __cdecl paddle_infer::CreatePredictor(struct paddle::AnalysisConfig const &)" (__imp_?CreatePredictor@paddle_infer@@YA?AV?$shared_ptr@VPredictor@paddle_infer@@@std@@ABUAnalysisConfig@paddle@@@Z)
predictor.obj : error LNK2001: 无法解析的外部符号 "__declspec(dllimport) public: bool __thiscall paddle::AnalysisConfig::enable_memory_optim(void)const " (__imp_?enable_memory_optim@AnalysisConfig@paddle@@QBE_NXZ)
predictor.obj : error LNK2001: 无法解析的外部符号 "__declspec(dllimport) public: void __thiscall paddle::AnalysisConfig::EnableMemoryOptim(void)" (__imp_?EnableMemoryOptim@AnalysisConfig@paddle@@QAEXXZ)
predictor.obj : error LNK2001: 无法解析的外部符号 "__declspec(dllimport) public: void __thiscall paddle::AnalysisConfig::SetCpuMathLibraryNumThreads(int)" (__imp_?SetCpuMathLibraryNumThreads@AnalysisConfig@paddle@@QAEXH@Z)
predictor.obj : error LNK2001: 无法解析的外部符号 "__declspec(dllimport) public: void __thiscall paddle::AnalysisConfig::SetMkldnnCacheCapacity(int)" (__imp_?SetMkldnnCacheCapacity@AnalysisConfig@paddle@@QAEXH@Z)
predictor.obj : error LNK2001: 无法解析的外部符号 "__declspec(dllimport) public: void __thiscall paddle::AnalysisConfig::DisableGpu(void)" (__imp_?DisableGpu@AnalysisConfig@paddle@@QAEXXZ)
predictor.obj : error LNK2001: 无法解析的外部符号 "__declspec(dllimport) public: void __thiscall paddle::AnalysisConfig::SetModel(class std::basic_string<char,struct std::char_traits<char>,class std::allocator<char> > const &,class std::basic_string<char,struct std::char_traits<char>,class std::allocator<char> > const &)" (__imp_?SetModel@AnalysisConfig@paddle@@QAEXABV?$basic_string@DU?$char_traits@D@std@@V?$allocator@D@2@@std@@0@Z)
predictor.obj : error LNK2001: 无法解析的外部符号 "__declspec(dllimport) public: __thiscall paddle::AnalysisConfig::~AnalysisConfig(void)" (__imp_??1AnalysisConfig@paddle@@QAE@XZ)
predictor.obj : error LNK2001: 无法解析的外部符号 "__declspec(dllimport) public: __thiscall paddle::AnalysisConfig::AnalysisConfig(void)" (__imp_??0AnalysisConfig@paddle@@QAE@XZ)
predictor.obj : error LNK2001: 无法解析的外部符号 "__declspec(dllimport) public: __thiscall paddle_infer::Tensor::~Tensor(void)" (__imp_??1Tensor@paddle_infer@@QAE@XZ)
D:\VSProject\PRED\Release\PRED.exe : fatal error LNK1120: 19 个无法解析的外部命令
